[25-May-2020 09:09:03 Europe/Berlin] PHP Notice:  Undefined variable: aaaa in C:\xampp\htdocs\project_lionsmobile\Controllers\Frontend\Home.php on line 37
[25-May-2020 09:09:03 Europe/Berlin] PHP Fatal error:  Uncaught Error: Class 'Controllers\Frontend\Home' not found in C:\xampp\htdocs\project_lionsmobile\index.php:23
Stack trace:
#0 {main}
  thrown in C:\xampp\htdocs\project_lionsmobile\index.php on line 23
[25-May-2020 09:19:24 Europe/Berlin] PHP Notice:  Undefined variable: aaaa in C:\xampp\htdocs\project_lionsmobile\Controllers\Frontend\Home.php on line 34
[25-May-2020 09:19:24 Europe/Berlin] PHP Fatal error:  Uncaught Error: Class 'Controllers\Frontend\Home' not found in C:\xampp\htdocs\project_lionsmobile\index.php:25
Stack trace:
#0 {main}
  thrown in C:\xampp\htdocs\project_lionsmobile\index.php on line 25
[25-May-2020 09:19:25 Europe/Berlin] PHP Notice:  Undefined variable: aaaa in C:\xampp\htdocs\project_lionsmobile\Controllers\Frontend\Home.php on line 34
[25-May-2020 09:19:25 Europe/Berlin] PHP Fatal error:  Uncaught Error: Class 'Controllers\Frontend\Home' not found in C:\xampp\htdocs\project_lionsmobile\index.php:25
Stack trace:
#0 {main}
  thrown in C:\xampp\htdocs\project_lionsmobile\index.php on line 25
[25-May-2020 09:19:47 Europe/Berlin] PHP Parse error:  syntax error, unexpected '{', expecting '(' in C:\xampp\htdocs\project_lionsmobile\Controllers\Frontend\Home.php on line 35
[25-May-2020 10:23:29 Europe/Berlin] PHP Fatal error:  Uncaught Error: Call to undefined method Models\Category::commit() in C:\xampp\htdocs\project_lionsmobile\Controllers\Backend\Product.php:178
Stack trace:
#0 C:\xampp\htdocs\project_lionsmobile\index.php(30): Controllers\Backend\Product->updateProduct()
#1 {main}
  thrown in C:\xampp\htdocs\project_lionsmobile\Controllers\Backend\Product.php on line 178
[25-May-2020 10:26:29 Europe/Berlin] PHP Fatal error:  Uncaught Error: Call to undefined method Models\Category::commit() in C:\xampp\htdocs\project_lionsmobile\Controllers\Backend\Product.php:178
Stack trace:
#0 C:\xampp\htdocs\project_lionsmobile\index.php(30): Controllers\Backend\Product->updateProduct()
#1 {main}
  thrown in C:\xampp\htdocs\project_lionsmobile\Controllers\Backend\Product.php on line 178
[25-May-2020 10:27:08 Europe/Berlin] PHP Fatal error:  Uncaught Error: Call to undefined method Models\Category::commit() in C:\xampp\htdocs\project_lionsmobile\Controllers\Backend\Product.php:178
Stack trace:
#0 C:\xampp\htdocs\project_lionsmobile\index.php(30): Controllers\Backend\Product->updateProduct()
#1 {main}
  thrown in C:\xampp\htdocs\project_lionsmobile\Controllers\Backend\Product.php on line 178
[25-May-2020 10:27:37 Europe/Berlin] PHP Fatal error:  Uncaught Error: Call to undefined method Models\Category::commit() in C:\xampp\htdocs\project_lionsmobile\Controllers\Backend\Product.php:179
Stack trace:
#0 C:\xampp\htdocs\project_lionsmobile\index.php(30): Controllers\Backend\Product->updateProduct()
#1 {main}
  thrown in C:\xampp\htdocs\project_lionsmobile\Controllers\Backend\Product.php on line 179
[25-May-2020 10:27:53 Europe/Berlin] PHP Fatal error:  Uncaught Error: Call to undefined method Models\Category::commit() in C:\xampp\htdocs\project_lionsmobile\Controllers\Backend\Product.php:178
Stack trace:
#0 C:\xampp\htdocs\project_lionsmobile\index.php(30): Controllers\Backend\Product->updateProduct()
#1 {main}
  thrown in C:\xampp\htdocs\project_lionsmobile\Controllers\Backend\Product.php on line 178
[25-May-2020 10:29:08 Europe/Berlin] PHP Fatal error:  Uncaught Error: Call to undefined method Models\Category::commit() in C:\xampp\htdocs\project_lionsmobile\Controllers\Backend\Product.php:178
Stack trace:
#0 C:\xampp\htdocs\project_lionsmobile\index.php(30): Controllers\Backend\Product->updateProduct()
#1 {main}
  thrown in C:\xampp\htdocs\project_lionsmobile\Controllers\Backend\Product.php on line 178
[25-May-2020 10:40:45 Europe/Berlin] PHP Fatal error:  Uncaught Error: Call to undefined method Models\Category::commit() in C:\xampp\htdocs\project_lionsmobile\Controllers\Backend\Product.php:178
Stack trace:
#0 C:\xampp\htdocs\project_lionsmobile\index.php(30): Controllers\Backend\Product->updateProduct()
#1 {main}
  thrown in C:\xampp\htdocs\project_lionsmobile\Controllers\Backend\Product.php on line 178
[25-May-2020 10:40:46 Europe/Berlin] PHP Fatal error:  Uncaught Error: Call to undefined method Models\Category::commit() in C:\xampp\htdocs\project_lionsmobile\Controllers\Backend\Product.php:178
Stack trace:
#0 C:\xampp\htdocs\project_lionsmobile\index.php(30): Controllers\Backend\Product->updateProduct()
#1 {main}
  thrown in C:\xampp\htdocs\project_lionsmobile\Controllers\Backend\Product.php on line 178
[25-May-2020 10:42:50 Europe/Berlin] PHP Fatal error:  Uncaught Error: Call to undefined method Models\Category::commit() in C:\xampp\htdocs\project_lionsmobile\Controllers\Backend\Product.php:178
Stack trace:
#0 C:\xampp\htdocs\project_lionsmobile\index.php(30): Controllers\Backend\Product->updateProduct()
#1 {main}
  thrown in C:\xampp\htdocs\project_lionsmobile\Controllers\Backend\Product.php on line 178
[25-May-2020 10:45:17 Europe/Berlin] PHP Notice:  Undefined property: Models\Category::$error in C:\xampp\htdocs\project_lionsmobile\Controllers\Backend\Product.php on line 174
[25-May-2020 10:45:17 Europe/Berlin] PHP Fatal error:  Uncaught Error: Call to undefined method Models\Category::commit() in C:\xampp\htdocs\project_lionsmobile\Controllers\Backend\Product.php:178
Stack trace:
#0 C:\xampp\htdocs\project_lionsmobile\index.php(30): Controllers\Backend\Product->updateProduct()
#1 {main}
  thrown in C:\xampp\htdocs\project_lionsmobile\Controllers\Backend\Product.php on line 178
[25-May-2020 10:45:18 Europe/Berlin] PHP Notice:  Undefined property: Models\Category::$error in C:\xampp\htdocs\project_lionsmobile\Controllers\Backend\Product.php on line 174
[25-May-2020 10:45:18 Europe/Berlin] PHP Fatal error:  Uncaught Error: Call to undefined method Models\Category::commit() in C:\xampp\htdocs\project_lionsmobile\Controllers\Backend\Product.php:178
Stack trace:
#0 C:\xampp\htdocs\project_lionsmobile\index.php(30): Controllers\Backend\Product->updateProduct()
#1 {main}
  thrown in C:\xampp\htdocs\project_lionsmobile\Controllers\Backend\Product.php on line 178
[25-May-2020 10:45:48 Europe/Berlin] PHP Notice:  Undefined property: Models\Category::$error in C:\xampp\htdocs\project_lionsmobile\Controllers\Backend\Product.php on line 174
[25-May-2020 10:45:48 Europe/Berlin] PHP Fatal error:  Uncaught Error: Call to undefined method Models\Category::commit() in C:\xampp\htdocs\project_lionsmobile\Controllers\Backend\Product.php:178
Stack trace:
#0 C:\xampp\htdocs\project_lionsmobile\index.php(30): Controllers\Backend\Product->updateProduct()
#1 {main}
  thrown in C:\xampp\htdocs\project_lionsmobile\Controllers\Backend\Product.php on line 178
[25-May-2020 10:46:31 Europe/Berlin] PHP Notice:  Undefined property: Models\Category::$error in C:\xampp\htdocs\project_lionsmobile\Controllers\Backend\Product.php on line 174
[25-May-2020 10:46:31 Europe/Berlin] PHP Fatal error:  Uncaught Error: Call to undefined method Models\Category::commit() in C:\xampp\htdocs\project_lionsmobile\Controllers\Backend\Product.php:178
Stack trace:
#0 C:\xampp\htdocs\project_lionsmobile\index.php(30): Controllers\Backend\Product->updateProduct()
#1 {main}
  thrown in C:\xampp\htdocs\project_lionsmobile\Controllers\Backend\Product.php on line 178
[25-May-2020 10:46:32 Europe/Berlin] PHP Notice:  Undefined property: Models\Category::$error in C:\xampp\htdocs\project_lionsmobile\Controllers\Backend\Product.php on line 174
[25-May-2020 10:46:32 Europe/Berlin] PHP Fatal error:  Uncaught Error: Call to undefined method Models\Category::commit() in C:\xampp\htdocs\project_lionsmobile\Controllers\Backend\Product.php:178
Stack trace:
#0 C:\xampp\htdocs\project_lionsmobile\index.php(30): Controllers\Backend\Product->updateProduct()
#1 {main}
  thrown in C:\xampp\htdocs\project_lionsmobile\Controllers\Backend\Product.php on line 178
[25-May-2020 10:47:17 Europe/Berlin] PHP Notice:  Undefined property: Models\Category::$error in C:\xampp\htdocs\project_lionsmobile\Controllers\Backend\Product.php on line 174
[25-May-2020 10:47:17 Europe/Berlin] PHP Fatal error:  Uncaught Error: Call to undefined method Models\Category::commit() in C:\xampp\htdocs\project_lionsmobile\Controllers\Backend\Product.php:178
Stack trace:
#0 C:\xampp\htdocs\project_lionsmobile\index.php(30): Controllers\Backend\Product->updateProduct()
#1 {main}
  thrown in C:\xampp\htdocs\project_lionsmobile\Controllers\Backend\Product.php on line 178
[25-May-2020 10:47:46 Europe/Berlin] PHP Notice:  Undefined property: Models\Category::$error in C:\xampp\htdocs\project_lionsmobile\Controllers\Backend\Product.php on line 174
[25-May-2020 10:47:46 Europe/Berlin] PHP Fatal error:  Uncaught Error: Call to undefined method Models\Category::commit() in C:\xampp\htdocs\project_lionsmobile\Controllers\Backend\Product.php:178
Stack trace:
#0 C:\xampp\htdocs\project_lionsmobile\index.php(30): Controllers\Backend\Product->updateProduct()
#1 {main}
  thrown in C:\xampp\htdocs\project_lionsmobile\Controllers\Backend\Product.php on line 178
[25-May-2020 10:47:57 Europe/Berlin] PHP Notice:  Undefined property: Models\Category::$error in C:\xampp\htdocs\project_lionsmobile\Controllers\Backend\Product.php on line 174
[25-May-2020 10:47:57 Europe/Berlin] PHP Fatal error:  Uncaught Error: Call to undefined method Models\Category::commit() in C:\xampp\htdocs\project_lionsmobile\Controllers\Backend\Product.php:178
Stack trace:
#0 C:\xampp\htdocs\project_lionsmobile\index.php(30): Controllers\Backend\Product->updateProduct()
#1 {main}
  thrown in C:\xampp\htdocs\project_lionsmobile\Controllers\Backend\Product.php on line 178
[25-May-2020 10:47:58 Europe/Berlin] PHP Notice:  Undefined property: Models\Category::$error in C:\xampp\htdocs\project_lionsmobile\Controllers\Backend\Product.php on line 174
[25-May-2020 10:47:58 Europe/Berlin] PHP Fatal error:  Uncaught Error: Call to undefined method Models\Category::commit() in C:\xampp\htdocs\project_lionsmobile\Controllers\Backend\Product.php:178
Stack trace:
#0 C:\xampp\htdocs\project_lionsmobile\index.php(30): Controllers\Backend\Product->updateProduct()
#1 {main}
  thrown in C:\xampp\htdocs\project_lionsmobile\Controllers\Backend\Product.php on line 178
[25-May-2020 10:48:32 Europe/Berlin] PHP Notice:  Undefined property: Models\Category::$error in C:\xampp\htdocs\project_lionsmobile\Controllers\Backend\Product.php on line 174
[25-May-2020 10:48:32 Europe/Berlin] PHP Fatal error:  Uncaught Error: Call to undefined method Models\Category::commit() in C:\xampp\htdocs\project_lionsmobile\Controllers\Backend\Product.php:178
Stack trace:
#0 C:\xampp\htdocs\project_lionsmobile\index.php(30): Controllers\Backend\Product->updateProduct()
#1 {main}
  thrown in C:\xampp\htdocs\project_lionsmobile\Controllers\Backend\Product.php on line 178
[25-May-2020 10:49:15 Europe/Berlin] PHP Notice:  Undefined property: Models\Category::$error in C:\xampp\htdocs\project_lionsmobile\Controllers\Backend\Product.php on line 174
[25-May-2020 10:49:15 Europe/Berlin] PHP Fatal error:  Uncaught Error: Call to undefined method Models\Category::commit() in C:\xampp\htdocs\project_lionsmobile\Controllers\Backend\Product.php:178
Stack trace:
#0 C:\xampp\htdocs\project_lionsmobile\index.php(30): Controllers\Backend\Product->updateProduct()
#1 {main}
  thrown in C:\xampp\htdocs\project_lionsmobile\Controllers\Backend\Product.php on line 178
[25-May-2020 10:50:55 Europe/Berlin] PHP Notice:  Undefined property: Models\Category::$error in C:\xampp\htdocs\project_lionsmobile\Controllers\Backend\Product.php on line 175
[25-May-2020 10:50:55 Europe/Berlin] PHP Fatal error:  Uncaught Error: Call to undefined method Models\Category::commit() in C:\xampp\htdocs\project_lionsmobile\Controllers\Backend\Product.php:179
Stack trace:
#0 C:\xampp\htdocs\project_lionsmobile\index.php(30): Controllers\Backend\Product->updateProduct()
#1 {main}
  thrown in C:\xampp\htdocs\project_lionsmobile\Controllers\Backend\Product.php on line 179
[25-May-2020 10:51:43 Europe/Berlin] PHP Notice:  Undefined property: Models\Category::$error in C:\xampp\htdocs\project_lionsmobile\Controllers\Backend\Product.php on line 175
[25-May-2020 10:51:43 Europe/Berlin] PHP Fatal error:  Uncaught Error: Call to undefined method Models\Category::commit() in C:\xampp\htdocs\project_lionsmobile\Controllers\Backend\Product.php:179
Stack trace:
#0 C:\xampp\htdocs\project_lionsmobile\index.php(30): Controllers\Backend\Product->updateProduct()
#1 {main}
  thrown in C:\xampp\htdocs\project_lionsmobile\Controllers\Backend\Product.php on line 179
[25-May-2020 10:51:47 Europe/Berlin] PHP Notice:  Undefined property: Models\Category::$error in C:\xampp\htdocs\project_lionsmobile\Controllers\Backend\Product.php on line 175
[25-May-2020 10:51:47 Europe/Berlin] PHP Fatal error:  Uncaught Error: Call to undefined method Models\Category::commit() in C:\xampp\htdocs\project_lionsmobile\Controllers\Backend\Product.php:179
Stack trace:
#0 C:\xampp\htdocs\project_lionsmobile\index.php(30): Controllers\Backend\Product->updateProduct()
#1 {main}
  thrown in C:\xampp\htdocs\project_lionsmobile\Controllers\Backend\Product.php on line 179
[25-May-2020 10:51:48 Europe/Berlin] PHP Notice:  Undefined property: Models\Category::$error in C:\xampp\htdocs\project_lionsmobile\Controllers\Backend\Product.php on line 175
[25-May-2020 10:51:48 Europe/Berlin] PHP Fatal error:  Uncaught Error: Call to undefined method Models\Category::commit() in C:\xampp\htdocs\project_lionsmobile\Controllers\Backend\Product.php:179
Stack trace:
#0 C:\xampp\htdocs\project_lionsmobile\index.php(30): Controllers\Backend\Product->updateProduct()
#1 {main}
  thrown in C:\xampp\htdocs\project_lionsmobile\Controllers\Backend\Product.php on line 179
[25-May-2020 10:54:14 Europe/Berlin] PHP Notice:  Undefined property: Models\Category::$error in C:\xampp\htdocs\project_lionsmobile\Controllers\Backend\Product.php on line 175
[25-May-2020 10:54:14 Europe/Berlin] PHP Fatal error:  Uncaught Error: Call to undefined method Models\Category::commit() in C:\xampp\htdocs\project_lionsmobile\Controllers\Backend\Product.php:179
Stack trace:
#0 C:\xampp\htdocs\project_lionsmobile\index.php(30): Controllers\Backend\Product->updateProduct()
#1 {main}
  thrown in C:\xampp\htdocs\project_lionsmobile\Controllers\Backend\Product.php on line 179
[25-May-2020 10:54:52 Europe/Berlin] PHP Notice:  Undefined property: Models\Category::$error in C:\xampp\htdocs\project_lionsmobile\Controllers\Backend\Product.php on line 175
[25-May-2020 10:54:52 Europe/Berlin] PHP Fatal error:  Uncaught Error: Call to undefined method Models\Category::commit() in C:\xampp\htdocs\project_lionsmobile\Controllers\Backend\Product.php:179
Stack trace:
#0 C:\xampp\htdocs\project_lionsmobile\index.php(30): Controllers\Backend\Product->updateProduct()
#1 {main}
  thrown in C:\xampp\htdocs\project_lionsmobile\Controllers\Backend\Product.php on line 179
[25-May-2020 10:58:28 Europe/Berlin] PHP Notice:  Undefined property: Models\Category::$error in C:\xampp\htdocs\project_lionsmobile\Controllers\Backend\Product.php on line 175
[25-May-2020 10:58:28 Europe/Berlin] PHP Fatal error:  Uncaught Error: Call to undefined method Models\Category::commit() in C:\xampp\htdocs\project_lionsmobile\Controllers\Backend\Product.php:179
Stack trace:
#0 C:\xampp\htdocs\project_lionsmobile\index.php(30): Controllers\Backend\Product->updateProduct()
#1 {main}
  thrown in C:\xampp\htdocs\project_lionsmobile\Controllers\Backend\Product.php on line 179
[25-May-2020 10:58:29 Europe/Berlin] PHP Notice:  Undefined property: Models\Category::$error in C:\xampp\htdocs\project_lionsmobile\Controllers\Backend\Product.php on line 175
[25-May-2020 10:58:29 Europe/Berlin] PHP Fatal error:  Uncaught Error: Call to undefined method Models\Category::commit() in C:\xampp\htdocs\project_lionsmobile\Controllers\Backend\Product.php:179
Stack trace:
#0 C:\xampp\htdocs\project_lionsmobile\index.php(30): Controllers\Backend\Product->updateProduct()
#1 {main}
  thrown in C:\xampp\htdocs\project_lionsmobile\Controllers\Backend\Product.php on line 179
[25-May-2020 10:58:29 Europe/Berlin] PHP Notice:  Undefined property: Models\Category::$error in C:\xampp\htdocs\project_lionsmobile\Controllers\Backend\Product.php on line 175
[25-May-2020 10:58:29 Europe/Berlin] PHP Fatal error:  Uncaught Error: Call to undefined method Models\Category::commit() in C:\xampp\htdocs\project_lionsmobile\Controllers\Backend\Product.php:179
Stack trace:
#0 C:\xampp\htdocs\project_lionsmobile\index.php(30): Controllers\Backend\Product->updateProduct()
#1 {main}
  thrown in C:\xampp\htdocs\project_lionsmobile\Controllers\Backend\Product.php on line 179
[25-May-2020 10:58:29 Europe/Berlin] PHP Notice:  Undefined property: Models\Category::$error in C:\xampp\htdocs\project_lionsmobile\Controllers\Backend\Product.php on line 175
[25-May-2020 10:58:29 Europe/Berlin] PHP Fatal error:  Uncaught Error: Call to undefined method Models\Category::commit() in C:\xampp\htdocs\project_lionsmobile\Controllers\Backend\Product.php:179
Stack trace:
#0 C:\xampp\htdocs\project_lionsmobile\index.php(30): Controllers\Backend\Product->updateProduct()
#1 {main}
  thrown in C:\xampp\htdocs\project_lionsmobile\Controllers\Backend\Product.php on line 179
[25-May-2020 10:58:30 Europe/Berlin] PHP Notice:  Undefined property: Models\Category::$error in C:\xampp\htdocs\project_lionsmobile\Controllers\Backend\Product.php on line 175
[25-May-2020 10:58:30 Europe/Berlin] PHP Fatal error:  Uncaught Error: Call to undefined method Models\Category::commit() in C:\xampp\htdocs\project_lionsmobile\Controllers\Backend\Product.php:179
Stack trace:
#0 C:\xampp\htdocs\project_lionsmobile\index.php(30): Controllers\Backend\Product->updateProduct()
#1 {main}
  thrown in C:\xampp\htdocs\project_lionsmobile\Controllers\Backend\Product.php on line 179
[25-May-2020 10:58:30 Europe/Berlin] PHP Notice:  Undefined property: Models\Category::$error in C:\xampp\htdocs\project_lionsmobile\Controllers\Backend\Product.php on line 175
[25-May-2020 10:58:30 Europe/Berlin] PHP Fatal error:  Uncaught Error: Call to undefined method Models\Category::commit() in C:\xampp\htdocs\project_lionsmobile\Controllers\Backend\Product.php:179
Stack trace:
#0 C:\xampp\htdocs\project_lionsmobile\index.php(30): Controllers\Backend\Product->updateProduct()
#1 {main}
  thrown in C:\xampp\htdocs\project_lionsmobile\Controllers\Backend\Product.php on line 179
[25-May-2020 16:58:49 Europe/Berlin] PHP Warning:  include_once(Controllers\Backend\Exception.php): failed to open stream: No such file or directory in C:\xampp\htdocs\project_lionsmobile\index.php on line 5
[25-May-2020 16:58:49 Europe/Berlin] PHP Warning:  include_once(): Failed opening 'Controllers\Backend\Exception.php' for inclusion (include_path='C:\xampp\php\PEAR') in C:\xampp\htdocs\project_lionsmobile\index.php on line 5
[25-May-2020 16:58:49 Europe/Berlin] PHP Fatal error:  Uncaught Error: Class 'Controllers\Backend\Exception' not found in C:\xampp\htdocs\project_lionsmobile\Controllers\Backend\Product.php:175
Stack trace:
#0 C:\xampp\htdocs\project_lionsmobile\index.php(30): Controllers\Backend\Product->updateProduct()
#1 {main}
  thrown in C:\xampp\htdocs\project_lionsmobile\Controllers\Backend\Product.php on line 175
[25-May-2020 16:59:13 Europe/Berlin] PHP Warning:  include_once(Controllers\Backend\Exception.php): failed to open stream: No such file or directory in C:\xampp\htdocs\project_lionsmobile\index.php on line 5
[25-May-2020 16:59:13 Europe/Berlin] PHP Warning:  include_once(): Failed opening 'Controllers\Backend\Exception.php' for inclusion (include_path='C:\xampp\php\PEAR') in C:\xampp\htdocs\project_lionsmobile\index.php on line 5
[25-May-2020 16:59:13 Europe/Berlin] PHP Fatal error:  Uncaught Error: Class 'Controllers\Backend\Exception' not found in C:\xampp\htdocs\project_lionsmobile\Controllers\Backend\Product.php:176
Stack trace:
#0 C:\xampp\htdocs\project_lionsmobile\index.php(30): Controllers\Backend\Product->updateProduct()
#1 {main}
  thrown in C:\xampp\htdocs\project_lionsmobile\Controllers\Backend\Product.php on line 176
[25-May-2020 17:01:07 Europe/Berlin] PHP Warning:  include_once(Controllers\Backend\Exception.php): failed to open stream: No such file or directory in C:\xampp\htdocs\project_lionsmobile\index.php on line 5
[25-May-2020 17:01:07 Europe/Berlin] PHP Warning:  include_once(): Failed opening 'Controllers\Backend\Exception.php' for inclusion (include_path='C:\xampp\php\PEAR') in C:\xampp\htdocs\project_lionsmobile\index.php on line 5
[25-May-2020 17:01:07 Europe/Berlin] PHP Fatal error:  Uncaught Error: Class 'Controllers\Backend\Exception' not found in C:\xampp\htdocs\project_lionsmobile\Controllers\Backend\Product.php:176
Stack trace:
#0 C:\xampp\htdocs\project_lionsmobile\index.php(30): Controllers\Backend\Product->updateProduct()
#1 {main}
  thrown in C:\xampp\htdocs\project_lionsmobile\Controllers\Backend\Product.php on line 176
[25-May-2020 17:01:16 Europe/Berlin] PHP Warning:  include_once(Controllers\Backend\Exception.php): failed to open stream: No such file or directory in C:\xampp\htdocs\project_lionsmobile\index.php on line 5
[25-May-2020 17:01:16 Europe/Berlin] PHP Warning:  include_once(): Failed opening 'Controllers\Backend\Exception.php' for inclusion (include_path='C:\xampp\php\PEAR') in C:\xampp\htdocs\project_lionsmobile\index.php on line 5
[25-May-2020 17:01:16 Europe/Berlin] PHP Fatal error:  Uncaught Error: Class 'Controllers\Backend\Exception' not found in C:\xampp\htdocs\project_lionsmobile\Controllers\Backend\Product.php:176
Stack trace:
#0 C:\xampp\htdocs\project_lionsmobile\index.php(30): Controllers\Backend\Product->updateProduct()
#1 {main}
  thrown in C:\xampp\htdocs\project_lionsmobile\Controllers\Backend\Product.php on line 176
[25-May-2020 17:02:38 Europe/Berlin] PHP Warning:  include_once(Controllers\Backend\Exception.php): failed to open stream: No such file or directory in C:\xampp\htdocs\project_lionsmobile\index.php on line 5
[25-May-2020 17:02:38 Europe/Berlin] PHP Warning:  include_once(): Failed opening 'Controllers\Backend\Exception.php' for inclusion (include_path='C:\xampp\php\PEAR') in C:\xampp\htdocs\project_lionsmobile\index.php on line 5
[25-May-2020 17:02:38 Europe/Berlin] PHP Fatal error:  Uncaught Error: Class 'Controllers\Backend\Exception' not found in C:\xampp\htdocs\project_lionsmobile\Controllers\Backend\Product.php:176
Stack trace:
#0 C:\xampp\htdocs\project_lionsmobile\index.php(30): Controllers\Backend\Product->updateProduct()
#1 {main}
  thrown in C:\xampp\htdocs\project_lionsmobile\Controllers\Backend\Product.php on line 176
[25-May-2020 17:06:40 Europe/Berlin] PHP Warning:  set_error_handler() expects the argument (handleError) to be a valid callback in C:\xampp\htdocs\project_lionsmobile\Controllers\Backend\Product.php on line 180
[25-May-2020 17:06:41 Europe/Berlin] PHP Warning:  set_error_handler() expects the argument (handleError) to be a valid callback in C:\xampp\htdocs\project_lionsmobile\Controllers\Backend\Product.php on line 180
[25-May-2020 17:10:29 Europe/Berlin] PHP Warning:  set_error_handler() expects the argument (handleError) to be a valid callback in C:\xampp\htdocs\project_lionsmobile\Controllers\Backend\Product.php on line 180
[25-May-2020 17:10:29 Europe/Berlin] PHP Notice:  Undefined variable: a in C:\xampp\htdocs\project_lionsmobile\Controllers\Backend\Product.php on line 181
[27-May-2020 12:28:12 Europe/Berlin] PHP Notice:  Undefined variable: a in C:\xampp\htdocs\project_lionsmobile\Controllers\Backend\Product.php on line 187
[28-May-2020 06:08:17 Europe/Berlin] PHP Warning:  fopen(Error): failed to open stream: Permission denied in C:\xampp\htdocs\project_lionsmobile\Controllers\Backend\Product.php on line 179
[28-May-2020 06:08:17 Europe/Berlin] PHP Warning:  fwrite() expects parameter 1 to be resource, boolean given in C:\xampp\htdocs\project_lionsmobile\Controllers\Backend\Product.php on line 180
[28-May-2020 06:08:19 Europe/Berlin] PHP Warning:  fopen(Error): failed to open stream: Permission denied in C:\xampp\htdocs\project_lionsmobile\Controllers\Backend\Product.php on line 179
[28-May-2020 06:08:19 Europe/Berlin] PHP Warning:  fwrite() expects parameter 1 to be resource, boolean given in C:\xampp\htdocs\project_lionsmobile\Controllers\Backend\Product.php on line 180
jjaaggggggField 'category_name' doesn't have a default valueField 'category_name' doesn't have a default value[28-May-2020 11:58:36 Europe/Berlin] PHP Warning:  session_destroy() expects exactly 0 parameters, 1 given in C:\xampp\htdocs\project_lionsmobile\Controllers\Backend\Product.php on line 181
[28-May-2020 12:00:13 Europe/Berlin] PHP Warning:  session_destroy() expects exactly 0 parameters, 1 given in C:\xampp\htdocs\project_lionsmobile\Controllers\Backend\Product.php on line 181
[28-May-2020 12:03:30 Europe/Berlin] PHP Notice:  Array to string conversion in C:\xampp\htdocs\project_lionsmobile\Common\function.php on line 46
[28-May-2020 12:34:22 Europe/Berlin] PHP Notice:  Undefined index: name in C:\xampp\htdocs\project_lionsmobile\Controllers\Backend\Product.php on line 38
[28-May-2020 12:34:22 Europe/Berlin] PHP Notice:  Undefined index: name in C:\xampp\htdocs\project_lionsmobile\Views\Backend\productlist.php on line 2
[28-May-2020 12:34:23 Europe/Berlin] PHP Notice:  Undefined index: name in C:\xampp\htdocs\project_lionsmobile\Controllers\Backend\Product.php on line 38
[28-May-2020 12:34:23 Europe/Berlin] PHP Notice:  Undefined index: name in C:\xampp\htdocs\project_lionsmobile\Views\Backend\productlist.php on line 2
